Traceback (most recent call last):
  File "C:\Users\navee_xqu8e3o\OneDrive\Documents\programming\AM\.venv\Lib\site-packages\huggingface_hub\utils\_http.py", line 772, in hf_raise_for_status
    response.raise_for_status()
  File "C:\Users\navee_xqu8e3o\OneDrive\Documents\programming\AM\.venv\Lib\site-packages\httpx\_models.py", line 829, in raise_for_status
    raise HTTPStatusError(message, request=request, response=self)
httpx.HTTPStatusError: Client error '401 Unauthorized' for url 'https://huggingface.co/mental/mental-roberta-base/resolve/main/tokenizer_config.json'
For more information check: https://developer.mozilla.org/en-US/docs/Web/HTTP/Status/401

The above exception was the direct cause of the following exception:

Traceback (most recent call last):
  File "C:\Users\navee_xqu8e3o\OneDrive\Documents\programming\AM\.venv\Lib\site-packages\transformers\utils\hub.py", line 437, in cached_files
    hf_hub_download(
  File "C:\Users\navee_xqu8e3o\OneDrive\Documents\programming\AM\.venv\Lib\site-packages\huggingface_hub\utils\_validators.py", line 88, in _inner_fn
    return fn(*args, **kwargs)
           ^^^^^^^^^^^^^^^^^^^
  File "C:\Users\navee_xqu8e3o\OneDrive\Documents\programming\AM\.venv\Lib\site-packages\huggingface_hub\file_download.py", line 1016, in hf_hub_download
    return _hf_hub_download_to_cache_dir(
           ^^^^^^^^^^^^^^^^^^^^^^^^^^^^^^
  File "C:\Users\navee_xqu8e3o\OneDrive\Documents\programming\AM\.venv\Lib\site-packages\huggingface_hub\file_download.py", line 1167, in _hf_hub_download_to_cache_dir
    _raise_on_head_call_error(head_call_error, force_download, local_files_only)
  File "C:\Users\navee_xqu8e3o\OneDrive\Documents\programming\AM\.venv\Lib\site-packages\huggingface_hub\file_download.py", line 1805, in _raise_on_head_call_error
    raise head_call_error
  File "C:\Users\navee_xqu8e3o\OneDrive\Documents\programming\AM\.venv\Lib\site-packages\huggingface_hub\file_download.py", line 1691, in _get_metadata_or_catch_error
    metadata = get_hf_file_metadata(
               ^^^^^^^^^^^^^^^^^^^^^
  File "C:\Users\navee_xqu8e3o\OneDrive\Documents\programming\AM\.venv\Lib\site-packages\huggingface_hub\utils\_validators.py", line 88, in _inner_fn
    return fn(*args, **kwargs)
           ^^^^^^^^^^^^^^^^^^^
  File "C:\Users\navee_xqu8e3o\OneDrive\Documents\programming\AM\.venv\Lib\site-packages\huggingface_hub\file_download.py", line 1613, in get_hf_file_metadata
    response = _httpx_follow_relative_redirects_with_backoff(
               ^^^^^^^^^^^^^^^^^^^^^^^^^^^^^^^^^^^^^^^^^^^^^^
  File "C:\Users\navee_xqu8e3o\OneDrive\Documents\programming\AM\.venv\Lib\site-packages\huggingface_hub\utils\_http.py", line 703, in _httpx_follow_relative_redirects_with_backoff
    hf_raise_for_status(response)
  File "C:\Users\navee_xqu8e3o\OneDrive\Documents\programming\AM\.venv\Lib\site-packages\huggingface_hub\utils\_http.py", line 798, in hf_raise_for_status
    raise _format(GatedRepoError, message, response, repo_type=repo_type, repo_id=repo_id) from e
huggingface_hub.errors.GatedRepoError: 401 Client Error. (Request ID: Root=1-6a5ea08f-4627ebdd44dd313c38ef96ba;a0952883-3a91-4de9-a591-159acea9ff9d)

Cannot access gated repo for url https://huggingface.co/mental/mental-roberta-base/resolve/main/tokenizer_config.json.
Access to model mental/mental-roberta-base is restricted. You must have access to it and be authenticated to access it. Please log in.

The above exception was the direct cause of the following exception:

Traceback (most recent call last):
  File "C:\Users\navee_xqu8e3o\OneDrive\Documents\programming\AM\code\train_relevance.py", line 150, in <module>
    tokenizer = RobertaTokenizerFast.from_pretrained(model_name, do_lower_case=True)
                ^^^^^^^^^^^^^^^^^^^^^^^^^^^^^^^^^^^^^^^^^^^^^^^^^^^^^^^^^^^^^^^^^^^^
  File "C:\Users\navee_xqu8e3o\OneDrive\Documents\programming\AM\.venv\Lib\site-packages\transformers\tokenization_utils_base.py", line 1643, in from_pretrained
    resolved_config_file = cached_file(
                           ^^^^^^^^^^^^
  File "C:\Users\navee_xqu8e3o\OneDrive\Documents\programming\AM\.venv\Lib\site-packages\transformers\utils\hub.py", line 293, in cached_file
    file = cached_files(path_or_repo_id=path_or_repo_id, filenames=[filename], **kwargs)
           ^^^^^^^^^^^^^^^^^^^^^^^^^^^^^^^^^^^^^^^^^^^^^^^^^^^^^^^^^^^^^^^^^^^^^^^^^^^^^
  File "C:\Users\navee_xqu8e3o\OneDrive\Documents\programming\AM\.venv\Lib\site-packages\transformers\utils\hub.py", line 503, in cached_files
    raise OSError(
OSError: You are trying to access a gated repo.
Make sure to have access to it at https://huggingface.co/mental/mental-roberta-base.
401 Client Error. (Request ID: Root=1-6a5ea08f-4627ebdd44dd313c38ef96ba;a0952883-3a91-4de9-a591-159acea9ff9d)

Cannot access gated repo for url https://huggingface.co/mental/mental-roberta-base/resolve/main/tokenizer_config.json.
Access to model mental/mental-roberta-base is restricted. You must have access to it and be authenticated to access it. Please log in.
