[transformers] `logging_dir` is deprecated and will be removed in v5.2. Please set `TENSORBOARD_LOGGING_DIR` instead.
Warning: You are sending unauthenticated requests to the HF Hub. Please set a HF_TOKEN to enable higher rate limits and faster downloads.
Performing computations on cpu
Number of annotated docs used in training: 1199
Number of instances for each label: Counter({1: 860, 0: 339})
Creating original training, validation and test sets (80/10/10 split)
Number of training documents: 959
Number of instances for each label in training data: Counter({1: 696, 0: 263})
Number of validation documents: 120
Number of instances for each label in validation data: Counter({1: 81, 0: 39})
Number of test documents: 120
Number of instances for each label in test data: Counter({1: 83, 0: 37})
Class weights to account for imbalanced training data: [np.float64(1.8231939163498099), np.float64(0.6889367816091954)]

Training a new classifier for relevance of posts to the sport social group...
Loading weights:   0%|          | 0/197 [00:00<?, ?it/s]Loading weights: 100%|##########| 197/197 [00:00<00:00, 6481.58it/s]
[transformers] [1mRobertaForSequenceClassification LOAD REPORT[0m from: roberta-base
Key                        | Status     | 
---------------------------+------------+-
lm_head.layer_norm.weight  | UNEXPECTED | 
lm_head.dense.bias         | UNEXPECTED | 
lm_head.layer_norm.bias    | UNEXPECTED | 
lm_head.dense.weight       | UNEXPECTED | 
lm_head.bias               | UNEXPECTED | 
classifier.out_proj.bias   | MISSING    | 
classifier.dense.bias      | MISSING    | 
classifier.dense.weight    | MISSING    | 
classifier.out_proj.weight | MISSING    | 

Notes:
- UNEXPECTED:	can be ignored when loading from different task/architecture; not ok if you expect identical arch.
- MISSING:	those params were newly initialized because missing from the checkpoint. Consider training on your downstream task.
  0%|          | 0/360 [00:00<?, ?it/s]C:\Users\navee_xqu8e3o\OneDrive\Documents\programming\AM\.venv\Lib\site-packages\torch\utils\data\dataloader.py:752: UserWarning: 'pin_memory' argument is set as true but no accelerator is found, then device pinned memory won't be used.
  super().__init__(loader)
  0%|          | 1/360 [00:14<1:28:34, 14.80s/it]  1%|          | 2/360 [00:28<1:24:46, 14.21s/it]  1%|          | 3/360 [00:42<1:23:18, 14.00s/it]  1%|1         | 4/360 [00:55<1:20:52, 13.63s/it]  1%|1         | 5/360 [01:08<1:19:18, 13.41s/it]  2%|1         | 6/360 [01:21<1:18:32, 13.31s/it]  2%|1         | 7/360 [01:34<1:18:29, 13.34s/it]  2%|2         | 8/360 [01:48<1:18:16, 13.34s/it]